c:\users\administrator\desktop\rinaldi\pcplusplus\seriallib\seriallib\debug\seriallib.pch
c:\users\administrator\desktop\rinaldi\pcplusplus\seriallib\seriallib\debug\stdafx.obj
c:\users\administrator\desktop\rinaldi\pcplusplus\seriallib\seriallib\debug\vc100.pdb
c:\users\administrator\desktop\rinaldi\pcplusplus\seriallib\seriallib\debug\assemblyinfo.obj
c:\users\administrator\desktop\rinaldi\pcplusplus\seriallib\seriallib\debug\.netframework,version=v4.0.assemblyattributes.obj
c:\users\administrator\desktop\rinaldi\pcplusplus\seriallib\seriallib\debug\seriallib.obj
c:\users\administrator\desktop\rinaldi\pcplusplus\seriallib\debug\seriallib.ilk
c:\users\administrator\desktop\rinaldi\pcplusplus\seriallib\debug\seriallib.exe
c:\users\administrator\desktop\rinaldi\pcplusplus\seriallib\seriallib\debug\seriallib.exe.intermediate.manifest
c:\users\administrator\desktop\rinaldi\pcplusplus\seriallib\debug\seriallib.pdb
c:\users\administrator\desktop\rinaldi\pcplusplus\seriallib\seriallib\debug\app.res
c:\users\rinaldi\onedrive\smartgreen\pcplusplus\seriallib\seriallib\debug\seriallib.pch
c:\users\rinaldi\onedrive\smartgreen\pcplusplus\seriallib\seriallib\debug\vc141.pdb
c:\users\rinaldi\onedrive\smartgreen\pcplusplus\seriallib\seriallib\debug\stdafx.obj
c:\users\rinaldi\onedrive\smartgreen\pcplusplus\seriallib\seriallib\debug\seriallib.obj
c:\users\rinaldi\onedrive\smartgreen\pcplusplus\seriallib\seriallib\debug\assemblyinfo.obj
c:\users\rinaldi\onedrive\smartgreen\pcplusplus\seriallib\seriallib\debug\.netframework,version=v4.0.assemblyattributes.obj
c:\users\rinaldi\onedrive\smartgreen\pcplusplus\seriallib\seriallib\debug\.netframework,version=v4.0.assemblyattributes.asm
c:\users\rinaldi\onedrive\smartgreen\pcplusplus\seriallib\seriallib\debug\app.res
c:\users\rinaldi\onedrive\smartgreen\pcplusplus\seriallib\seriallib\debug\seriallib.vcxprojresolveassemblyreference.cache
c:\users\rinaldi\onedrive\smartgreen\pcplusplus\seriallib\seriallib\debug\cl.command.1.tlog
c:\users\rinaldi\onedrive\smartgreen\pcplusplus\seriallib\seriallib\debug\cl.read.1.tlog
c:\users\rinaldi\onedrive\smartgreen\pcplusplus\seriallib\seriallib\debug\cl.write.1.tlog
c:\users\rinaldi\onedrive\smartgreen\pcplusplus\seriallib\seriallib\debug\link.1972-cvtres.read.1.tlog
c:\users\rinaldi\onedrive\smartgreen\pcplusplus\seriallib\seriallib\debug\link.1972-cvtres.write.1.tlog
c:\users\rinaldi\onedrive\smartgreen\pcplusplus\seriallib\seriallib\debug\link.1972.read.1.tlog
c:\users\rinaldi\onedrive\smartgreen\pcplusplus\seriallib\seriallib\debug\link.1972.write.1.tlog
c:\users\rinaldi\onedrive\smartgreen\pcplusplus\seriallib\seriallib\debug\link.2248-cvtres.read.1.tlog
c:\users\rinaldi\onedrive\smartgreen\pcplusplus\seriallib\seriallib\debug\link.2248-cvtres.write.1.tlog
c:\users\rinaldi\onedrive\smartgreen\pcplusplus\seriallib\seriallib\debug\link.2248.read.1.tlog
c:\users\rinaldi\onedrive\smartgreen\pcplusplus\seriallib\seriallib\debug\link.2248.write.1.tlog
c:\users\rinaldi\onedrive\smartgreen\pcplusplus\seriallib\seriallib\debug\link.2388-cvtres.read.1.tlog
c:\users\rinaldi\onedrive\smartgreen\pcplusplus\seriallib\seriallib\debug\link.2388-cvtres.write.1.tlog
c:\users\rinaldi\onedrive\smartgreen\pcplusplus\seriallib\seriallib\debug\link.2388.read.1.tlog
c:\users\rinaldi\onedrive\smartgreen\pcplusplus\seriallib\seriallib\debug\link.2388.write.1.tlog
c:\users\rinaldi\onedrive\smartgreen\pcplusplus\seriallib\seriallib\debug\link.2476-cvtres.read.1.tlog
c:\users\rinaldi\onedrive\smartgreen\pcplusplus\seriallib\seriallib\debug\link.2476-cvtres.write.1.tlog
c:\users\rinaldi\onedrive\smartgreen\pcplusplus\seriallib\seriallib\debug\link.2476.read.1.tlog
c:\users\rinaldi\onedrive\smartgreen\pcplusplus\seriallib\seriallib\debug\link.2476.write.1.tlog
c:\users\rinaldi\onedrive\smartgreen\pcplusplus\seriallib\seriallib\debug\link.2516-cvtres.read.1.tlog
c:\users\rinaldi\onedrive\smartgreen\pcplusplus\seriallib\seriallib\debug\link.2516-cvtres.write.1.tlog
c:\users\rinaldi\onedrive\smartgreen\pcplusplus\seriallib\seriallib\debug\link.2516.read.1.tlog
c:\users\rinaldi\onedrive\smartgreen\pcplusplus\seriallib\seriallib\debug\link.2516.write.1.tlog
c:\users\rinaldi\onedrive\smartgreen\pcplusplus\seriallib\seriallib\debug\link.2700-cvtres.read.1.tlog
c:\users\rinaldi\onedrive\smartgreen\pcplusplus\seriallib\seriallib\debug\link.2700-cvtres.write.1.tlog
c:\users\rinaldi\onedrive\smartgreen\pcplusplus\seriallib\seriallib\debug\link.2700.read.1.tlog
c:\users\rinaldi\onedrive\smartgreen\pcplusplus\seriallib\seriallib\debug\link.2700.write.1.tlog
c:\users\rinaldi\onedrive\smartgreen\pcplusplus\seriallib\seriallib\debug\link.3176-cvtres.read.1.tlog
c:\users\rinaldi\onedrive\smartgreen\pcplusplus\seriallib\seriallib\debug\link.3176-cvtres.write.1.tlog
c:\users\rinaldi\onedrive\smartgreen\pcplusplus\seriallib\seriallib\debug\link.3176.read.1.tlog
c:\users\rinaldi\onedrive\smartgreen\pcplusplus\seriallib\seriallib\debug\link.3176.write.1.tlog
c:\users\rinaldi\onedrive\smartgreen\pcplusplus\seriallib\seriallib\debug\link.3312-cvtres.read.1.tlog
c:\users\rinaldi\onedrive\smartgreen\pcplusplus\seriallib\seriallib\debug\link.3312-cvtres.write.1.tlog
c:\users\rinaldi\onedrive\smartgreen\pcplusplus\seriallib\seriallib\debug\link.3312.read.1.tlog
c:\users\rinaldi\onedrive\smartgreen\pcplusplus\seriallib\seriallib\debug\link.3312.write.1.tlog
c:\users\rinaldi\onedrive\smartgreen\pcplusplus\seriallib\seriallib\debug\link.3452-cvtres.read.1.tlog
c:\users\rinaldi\onedrive\smartgreen\pcplusplus\seriallib\seriallib\debug\link.3452-cvtres.write.1.tlog
c:\users\rinaldi\onedrive\smartgreen\pcplusplus\seriallib\seriallib\debug\link.3452.read.1.tlog
c:\users\rinaldi\onedrive\smartgreen\pcplusplus\seriallib\seriallib\debug\link.3452.write.1.tlog
c:\users\rinaldi\onedrive\smartgreen\pcplusplus\seriallib\seriallib\debug\link.3472-cvtres.read.1.tlog
c:\users\rinaldi\onedrive\smartgreen\pcplusplus\seriallib\seriallib\debug\link.3472-cvtres.write.1.tlog
c:\users\rinaldi\onedrive\smartgreen\pcplusplus\seriallib\seriallib\debug\link.3472.read.1.tlog
c:\users\rinaldi\onedrive\smartgreen\pcplusplus\seriallib\seriallib\debug\link.3472.write.1.tlog
c:\users\rinaldi\onedrive\smartgreen\pcplusplus\seriallib\seriallib\debug\link.3828-cvtres.read.1.tlog
c:\users\rinaldi\onedrive\smartgreen\pcplusplus\seriallib\seriallib\debug\link.3828-cvtres.write.1.tlog
c:\users\rinaldi\onedrive\smartgreen\pcplusplus\seriallib\seriallib\debug\link.3828.read.1.tlog
c:\users\rinaldi\onedrive\smartgreen\pcplusplus\seriallib\seriallib\debug\link.3828.write.1.tlog
c:\users\rinaldi\onedrive\smartgreen\pcplusplus\seriallib\seriallib\debug\link.3836-cvtres.read.1.tlog
c:\users\rinaldi\onedrive\smartgreen\pcplusplus\seriallib\seriallib\debug\link.3836-cvtres.write.1.tlog
c:\users\rinaldi\onedrive\smartgreen\pcplusplus\seriallib\seriallib\debug\link.3836.read.1.tlog
c:\users\rinaldi\onedrive\smartgreen\pcplusplus\seriallib\seriallib\debug\link.3836.write.1.tlog
c:\users\rinaldi\onedrive\smartgreen\pcplusplus\seriallib\seriallib\debug\link.3968-cvtres.read.1.tlog
c:\users\rinaldi\onedrive\smartgreen\pcplusplus\seriallib\seriallib\debug\link.3968-cvtres.write.1.tlog
c:\users\rinaldi\onedrive\smartgreen\pcplusplus\seriallib\seriallib\debug\link.3968.read.1.tlog
c:\users\rinaldi\onedrive\smartgreen\pcplusplus\seriallib\seriallib\debug\link.3968.write.1.tlog
c:\users\rinaldi\onedrive\smartgreen\pcplusplus\seriallib\seriallib\debug\link.536-cvtres.read.1.tlog
c:\users\rinaldi\onedrive\smartgreen\pcplusplus\seriallib\seriallib\debug\link.536-cvtres.write.1.tlog
c:\users\rinaldi\onedrive\smartgreen\pcplusplus\seriallib\seriallib\debug\link.536.read.1.tlog
c:\users\rinaldi\onedrive\smartgreen\pcplusplus\seriallib\seriallib\debug\link.536.write.1.tlog
c:\users\rinaldi\onedrive\smartgreen\pcplusplus\seriallib\seriallib\debug\link.command.1.tlog
c:\users\rinaldi\onedrive\smartgreen\pcplusplus\seriallib\seriallib\debug\link.read.1.tlog
c:\users\rinaldi\onedrive\smartgreen\pcplusplus\seriallib\seriallib\debug\link.write.1.tlog
c:\users\rinaldi\onedrive\smartgreen\pcplusplus\seriallib\seriallib\debug\mt.command.1.tlog
c:\users\rinaldi\onedrive\smartgreen\pcplusplus\seriallib\seriallib\debug\mt.read.1.tlog
c:\users\rinaldi\onedrive\smartgreen\pcplusplus\seriallib\seriallib\debug\mt.write.1.tlog
c:\users\rinaldi\onedrive\smartgreen\pcplusplus\seriallib\seriallib\debug\rc.command.1.tlog
c:\users\rinaldi\onedrive\smartgreen\pcplusplus\seriallib\seriallib\debug\rc.read.1.tlog
c:\users\rinaldi\onedrive\smartgreen\pcplusplus\seriallib\seriallib\debug\rc.write.1.tlog
c:\users\rinaldi\onedrive\smartgreen\pcplusplus\seriallib\seriallib\debug\seriallib.write.1.tlog
c:\users\rinaldi\onedrive\smartgreen\pcplusplus\seriallib\seriallib\debug\seriallib.exe.intermediate.manifest
c:\users\rinaldi\onedrive\smartgreen\pcplusplus\seriallib\seriallib\debug\vc100.pdb
c:\users\rinaldi\onedrive\smartgreen\pcplusplus\seriallib\debug\seriallib.pdb
c:\users\rinaldi\onedrive\smartgreen\pcplusplus\seriallib\seriallib\debug\seriallib.tlog\cl.command.1.tlog
c:\users\rinaldi\onedrive\smartgreen\pcplusplus\seriallib\seriallib\debug\seriallib.tlog\cl.read.1.tlog
c:\users\rinaldi\onedrive\smartgreen\pcplusplus\seriallib\seriallib\debug\seriallib.tlog\cl.write.1.tlog
c:\users\rinaldi\onedrive\smartgreen\pcplusplus\seriallib\seriallib\debug\seriallib.tlog\link.9452.2536-cvtres.read.1.tlog
c:\users\rinaldi\onedrive\smartgreen\pcplusplus\seriallib\seriallib\debug\seriallib.tlog\link.9452.2536-cvtres.write.1.tlog
c:\users\rinaldi\onedrive\smartgreen\pcplusplus\seriallib\seriallib\debug\seriallib.tlog\link.9452.2536-rc.read.1.tlog
c:\users\rinaldi\onedrive\smartgreen\pcplusplus\seriallib\seriallib\debug\seriallib.tlog\link.9452.2536-rc.write.1.tlog
c:\users\rinaldi\onedrive\smartgreen\pcplusplus\seriallib\seriallib\debug\seriallib.tlog\link.9452.2536.read.1.tlog
c:\users\rinaldi\onedrive\smartgreen\pcplusplus\seriallib\seriallib\debug\seriallib.tlog\link.9452.2536.write.1.tlog
c:\users\rinaldi\onedrive\smartgreen\pcplusplus\seriallib\seriallib\debug\seriallib.tlog\link.9452.read.1.tlog
c:\users\rinaldi\onedrive\smartgreen\pcplusplus\seriallib\seriallib\debug\seriallib.tlog\link.9452.write.1.tlog
c:\users\rinaldi\onedrive\smartgreen\pcplusplus\seriallib\seriallib\debug\seriallib.tlog\link.command.1.tlog
c:\users\rinaldi\onedrive\smartgreen\pcplusplus\seriallib\seriallib\debug\seriallib.tlog\link.read.1.tlog
c:\users\rinaldi\onedrive\smartgreen\pcplusplus\seriallib\seriallib\debug\seriallib.tlog\link.write.1.tlog
c:\users\rinaldi\onedrive\smartgreen\pcplusplus\seriallib\seriallib\debug\seriallib.tlog\metagen.read.1.tlog
c:\users\rinaldi\onedrive\smartgreen\pcplusplus\seriallib\seriallib\debug\seriallib.tlog\metagen.write.1.tlog
c:\users\rinaldi\onedrive\smartgreen\pcplusplus\seriallib\seriallib\debug\seriallib.tlog\rc.command.1.tlog
c:\users\rinaldi\onedrive\smartgreen\pcplusplus\seriallib\seriallib\debug\seriallib.tlog\rc.read.1.tlog
c:\users\rinaldi\onedrive\smartgreen\pcplusplus\seriallib\seriallib\debug\seriallib.tlog\rc.write.1.tlog
c:\users\rinaldi\onedrive\smartgreen\pcplusplus\seriallib\seriallib\debug\seriallib.tlog\tzres.dll.bi
